* installing *source* package ‘BayDR’ ...
** libs
*** arch - i386
g++ -arch i386 -I/Library/Frameworks/R.framework/Resources/include -I/Library/Frameworks/R.framework/Resources/include/i386 -DNDEBUG  -I/usr/local/include -I"/Library/Frameworks/R.framework/Versions/2.15/Resources/library/Rcpp/include" -I"/Library/Frameworks/R.framework/Versions/2.15/Resources/library/RcppArmadillo/include"   -fPIC  -g -O2  -c ApplyCSold.cpp -o ApplyCSold.o
g++ -arch i386 -I/Library/Frameworks/R.framework/Resources/include -I/Library/Frameworks/R.framework/Resources/include/i386 -DNDEBUG  -I/usr/local/include -I"/Library/Frameworks/R.framework/Versions/2.15/Resources/library/Rcpp/include" -I"/Library/Frameworks/R.framework/Versions/2.15/Resources/library/RcppArmadillo/include"   -fPIC  -g -O2  -c ApplyCSoldhood.cpp -o ApplyCSoldhood.o
g++ -arch i386 -I/Library/Frameworks/R.framework/Resources/include -I/Library/Frameworks/R.framework/Resources/include/i386 -DNDEBUG  -I/usr/local/include -I"/Library/Frameworks/R.framework/Versions/2.15/Resources/library/Rcpp/include" -I"/Library/Frameworks/R.framework/Versions/2.15/Resources/library/RcppArmadillo/include"   -fPIC  -g -O2  -c CauEst.cpp -o CauEst.o
g++ -arch i386 -I/Library/Frameworks/R.framework/Resources/include -I/Library/Frameworks/R.framework/Resources/include/i386 -DNDEBUG  -I/usr/local/include -I"/Library/Frameworks/R.framework/Versions/2.15/Resources/library/Rcpp/include" -I"/Library/Frameworks/R.framework/Versions/2.15/Resources/library/RcppArmadillo/include"   -fPIC  -g -O2  -c Comb_C.cpp -o Comb_C.o
g++ -arch i386 -I/Library/Frameworks/R.framework/Resources/include -I/Library/Frameworks/R.framework/Resources/include/i386 -DNDEBUG  -I/usr/local/include -I"/Library/Frameworks/R.framework/Versions/2.15/Resources/library/Rcpp/include" -I"/Library/Frameworks/R.framework/Versions/2.15/Resources/library/RcppArmadillo/include"   -fPIC  -g -O2  -c DatGen_X.cpp -o DatGen_X.o
g++ -arch i386 -I/Library/Frameworks/R.framework/Resources/include -I/Library/Frameworks/R.framework/Resources/include/i386 -DNDEBUG  -I/usr/local/include -I"/Library/Frameworks/R.framework/Versions/2.15/Resources/library/Rcpp/include" -I"/Library/Frameworks/R.framework/Versions/2.15/Resources/library/RcppArmadillo/include"   -fPIC  -g -O2  -c EstS_C.cpp -o EstS_C.o
g++ -arch i386 -I/Library/Frameworks/R.framework/Resources/include -I/Library/Frameworks/R.framework/Resources/include/i386 -DNDEBUG  -I/usr/local/include -I"/Library/Frameworks/R.framework/Versions/2.15/Resources/library/Rcpp/include" -I"/Library/Frameworks/R.framework/Versions/2.15/Resources/library/RcppArmadillo/include"   -fPIC  -g -O2  -c LikehoodNew_C.cpp -o LikehoodNew_C.o
g++ -arch i386 -I/Library/Frameworks/R.framework/Resources/include -I/Library/Frameworks/R.framework/Resources/include/i386 -DNDEBUG  -I/usr/local/include -I"/Library/Frameworks/R.framework/Versions/2.15/Resources/library/Rcpp/include" -I"/Library/Frameworks/R.framework/Versions/2.15/Resources/library/RcppArmadillo/include"   -fPIC  -g -O2  -c LikehoodNew_CBin.cpp -o LikehoodNew_CBin.o
g++ -arch i386 -I/Library/Frameworks/R.framework/Resources/include -I/Library/Frameworks/R.framework/Resources/include/i386 -DNDEBUG  -I/usr/local/include -I"/Library/Frameworks/R.framework/Versions/2.15/Resources/library/Rcpp/include" -I"/Library/Frameworks/R.framework/Versions/2.15/Resources/library/RcppArmadillo/include"   -fPIC  -g -O2  -c NewCom_C.cpp -o NewCom_C.o
g++ -arch i386 -I/Library/Frameworks/R.framework/Resources/include -I/Library/Frameworks/R.framework/Resources/include/i386 -DNDEBUG  -I/usr/local/include -I"/Library/Frameworks/R.framework/Versions/2.15/Resources/library/Rcpp/include" -I"/Library/Frameworks/R.framework/Versions/2.15/Resources/library/RcppArmadillo/include"   -fPIC  -g -O2  -c RcppExports.cpp -o RcppExports.o
g++ -arch i386 -dynamiclib -Wl,-headerpad_max_install_names -undefined dynamic_lookup -single_module -multiply_defined suppress -L/usr/local/lib -o BayDR.so ApplyCSold.o ApplyCSoldhood.o CauEst.o Comb_C.o DatGen_X.o EstS_C.o LikehoodNew_C.o LikehoodNew_CBin.o NewCom_C.o RcppExports.o /Library/Frameworks/R.framework/Versions/2.15/Resources/library/Rcpp/lib/i386/libRcpp.a -F/Library/Frameworks/R.framework/.. -framework R -Wl,-framework -Wl,CoreFoundation
ld: warning: ignoring file /usr/local/lib/libstdc++.dylib, file was built for unsupported file format ( 0xcf 0xfa 0xed 0xfe 0x 7 0x 0 0x 0 0x 1 0x 3 0x 0 0x 0 0x 0 0x 6 0x 0 0x 0 0x 0 ) which is not the architecture being linked (i386): /usr/local/lib/libstdc++.dylib
installing to /Users/joha/Dropbox/UBC/CinR/FileOnSever/Mypackages/Import/BayDR.Rcheck/BayDR/libs/i386
*** arch - x86_64
g++ -arch x86_64 -I/Library/Frameworks/R.framework/Resources/include -I/Library/Frameworks/R.framework/Resources/include/x86_64 -DNDEBUG  -I/usr/local/include -I"/Library/Frameworks/R.framework/Versions/2.15/Resources/library/Rcpp/include" -I"/Library/Frameworks/R.framework/Versions/2.15/Resources/library/RcppArmadillo/include"   -fPIC  -g -O2  -c ApplyCSold.cpp -o ApplyCSold.o
g++ -arch x86_64 -I/Library/Frameworks/R.framework/Resources/include -I/Library/Frameworks/R.framework/Resources/include/x86_64 -DNDEBUG  -I/usr/local/include -I"/Library/Frameworks/R.framework/Versions/2.15/Resources/library/Rcpp/include" -I"/Library/Frameworks/R.framework/Versions/2.15/Resources/library/RcppArmadillo/include"   -fPIC  -g -O2  -c ApplyCSoldhood.cpp -o ApplyCSoldhood.o
g++ -arch x86_64 -I/Library/Frameworks/R.framework/Resources/include -I/Library/Frameworks/R.framework/Resources/include/x86_64 -DNDEBUG  -I/usr/local/include -I"/Library/Frameworks/R.framework/Versions/2.15/Resources/library/Rcpp/include" -I"/Library/Frameworks/R.framework/Versions/2.15/Resources/library/RcppArmadillo/include"   -fPIC  -g -O2  -c CauEst.cpp -o CauEst.o
g++ -arch x86_64 -I/Library/Frameworks/R.framework/Resources/include -I/Library/Frameworks/R.framework/Resources/include/x86_64 -DNDEBUG  -I/usr/local/include -I"/Library/Frameworks/R.framework/Versions/2.15/Resources/library/Rcpp/include" -I"/Library/Frameworks/R.framework/Versions/2.15/Resources/library/RcppArmadillo/include"   -fPIC  -g -O2  -c Comb_C.cpp -o Comb_C.o
g++ -arch x86_64 -I/Library/Frameworks/R.framework/Resources/include -I/Library/Frameworks/R.framework/Resources/include/x86_64 -DNDEBUG  -I/usr/local/include -I"/Library/Frameworks/R.framework/Versions/2.15/Resources/library/Rcpp/include" -I"/Library/Frameworks/R.framework/Versions/2.15/Resources/library/RcppArmadillo/include"   -fPIC  -g -O2  -c DatGen_X.cpp -o DatGen_X.o
g++ -arch x86_64 -I/Library/Frameworks/R.framework/Resources/include -I/Library/Frameworks/R.framework/Resources/include/x86_64 -DNDEBUG  -I/usr/local/include -I"/Library/Frameworks/R.framework/Versions/2.15/Resources/library/Rcpp/include" -I"/Library/Frameworks/R.framework/Versions/2.15/Resources/library/RcppArmadillo/include"   -fPIC  -g -O2  -c EstS_C.cpp -o EstS_C.o
g++ -arch x86_64 -I/Library/Frameworks/R.framework/Resources/include -I/Library/Frameworks/R.framework/Resources/include/x86_64 -DNDEBUG  -I/usr/local/include -I"/Library/Frameworks/R.framework/Versions/2.15/Resources/library/Rcpp/include" -I"/Library/Frameworks/R.framework/Versions/2.15/Resources/library/RcppArmadillo/include"   -fPIC  -g -O2  -c LikehoodNew_C.cpp -o LikehoodNew_C.o
g++ -arch x86_64 -I/Library/Frameworks/R.framework/Resources/include -I/Library/Frameworks/R.framework/Resources/include/x86_64 -DNDEBUG  -I/usr/local/include -I"/Library/Frameworks/R.framework/Versions/2.15/Resources/library/Rcpp/include" -I"/Library/Frameworks/R.framework/Versions/2.15/Resources/library/RcppArmadillo/include"   -fPIC  -g -O2  -c LikehoodNew_CBin.cpp -o LikehoodNew_CBin.o
g++ -arch x86_64 -I/Library/Frameworks/R.framework/Resources/include -I/Library/Frameworks/R.framework/Resources/include/x86_64 -DNDEBUG  -I/usr/local/include -I"/Library/Frameworks/R.framework/Versions/2.15/Resources/library/Rcpp/include" -I"/Library/Frameworks/R.framework/Versions/2.15/Resources/library/RcppArmadillo/include"   -fPIC  -g -O2  -c NewCom_C.cpp -o NewCom_C.o
g++ -arch x86_64 -I/Library/Frameworks/R.framework/Resources/include -I/Library/Frameworks/R.framework/Resources/include/x86_64 -DNDEBUG  -I/usr/local/include -I"/Library/Frameworks/R.framework/Versions/2.15/Resources/library/Rcpp/include" -I"/Library/Frameworks/R.framework/Versions/2.15/Resources/library/RcppArmadillo/include"   -fPIC  -g -O2  -c RcppExports.cpp -o RcppExports.o
g++ -arch x86_64 -dynamiclib -Wl,-headerpad_max_install_names -undefined dynamic_lookup -single_module -multiply_defined suppress -L/usr/local/lib -o BayDR.so ApplyCSold.o ApplyCSoldhood.o CauEst.o Comb_C.o DatGen_X.o EstS_C.o LikehoodNew_C.o LikehoodNew_CBin.o NewCom_C.o RcppExports.o /Library/Frameworks/R.framework/Versions/2.15/Resources/library/Rcpp/lib/x86_64/libRcpp.a -F/Library/Frameworks/R.framework/.. -framework R -Wl,-framework -Wl,CoreFoundation
installing to /Users/joha/Dropbox/UBC/CinR/FileOnSever/Mypackages/Import/BayDR.Rcheck/BayDR/libs/x86_64
** R
** data
** preparing package for lazy loading
** help
Warning: /Users/joha/Dropbox/UBC/CinR/FileOnSever/Mypackages/Import/BayDR.Rcheck/00_pkg_src/BayDR/man/BayDR-package.Rd:30: All text must be in a section
Warning: /Users/joha/Dropbox/UBC/CinR/FileOnSever/Mypackages/Import/BayDR.Rcheck/00_pkg_src/BayDR/man/BayDR-package.Rd:31: All text must be in a section
*** installing help indices
** building package indices
** testing if installed package can be loaded
*** arch - i386
*** arch - x86_64

* DONE (BayDR)
